[0.892s] DEBUG:colcon:Command line arguments: ['/usr/bin/colcon', 'build', '--packages-select', 'linorobot2']
[0.893s] DEBUG:colcon:Parsed command line arguments: Namespace(log_base=None, log_level=None, verb_name='build', build_base='build', install_base='install', merge_install=False, symlink_install=False, test_result_base=None, continue_on_error=False, executor='parallel', parallel_workers=4, event_handlers=None, ignore_user_meta=False, metas=['./colcon.meta'], base_paths=['.'], packages_ignore=None, packages_ignore_regex=None, paths=None, packages_up_to=None, packages_up_to_regex=None, packages_above=None, packages_above_and_dependencies=None, packages_above_depth=None, packages_select_by_dep=None, packages_skip_by_dep=None, packages_skip_up_to=None, packages_select_build_failed=False, packages_skip_build_finished=False, packages_select_test_failures=False, packages_skip_test_passed=False, packages_select=['linorobot2'], packages_skip=None, packages_select_regex=None, packages_skip_regex=None, packages_start=None, packages_end=None, allow_overriding=[], cmake_args=None, cmake_target=None, cmake_target_skip_unavailable=False, cmake_clean_cache=False, cmake_clean_first=False, cmake_force_configure=False, ament_cmake_args=None, catkin_cmake_args=None, catkin_skip_building_tests=False, mixin_files=None, mixin=None, verb_parser=<colcon_mixin.mixin.mixin_argument.MixinArgumentDecorator object at 0xffff98d59d00>, verb_extension=<colcon_core.verb.build.BuildVerb object at 0xffff98c6a0f0>, main=<bound method BuildVerb.main of <colcon_core.verb.build.BuildVerb object at 0xffff98c6a0f0>>, mixin_verb=('build',))
[1.200s] Level 1:colcon.colcon_core.package_discovery:discover_packages(colcon_meta) check parameters
[1.200s] Level 1:colcon.colcon_core.package_discovery:discover_packages(recursive) check parameters
[1.201s] Level 1:colcon.colcon_core.package_discovery:discover_packages(ignore) check parameters
[1.201s] Level 1:colcon.colcon_core.package_discovery:discover_packages(path) check parameters
[1.201s] Level 1:colcon.colcon_core.package_discovery:discover_packages(colcon_meta) discover
[1.201s] Level 1:colcon.colcon_core.package_discovery:discover_packages(recursive) discover
[1.201s] INFO:colcon.colcon_core.package_discovery:Crawling recursively for packages in '/home/pitosalas/linorobot2_ws/src/ros2sysmon'
[1.202s] Level 1:colcon.colcon_core.package_identification:_identify(.) by extensions ['ignore', 'ignore_ament_install']
[1.202s] Level 1:colcon.colcon_core.package_identification:_identify(.) by extension 'ignore'
[1.203s] Level 1:colcon.colcon_core.package_identification:_identify(.) by extension 'ignore_ament_install'
[1.203s] Level 1:colcon.colcon_core.package_identification:_identify(.) by extensions ['colcon_pkg']
[1.203s] Level 1:colcon.colcon_core.package_identification:_identify(.) by extension 'colcon_pkg'
[1.203s] Level 1:colcon.colcon_core.package_identification:_identify(.) by extensions ['colcon_meta']
[1.203s] Level 1:colcon.colcon_core.package_identification:_identify(.) by extension 'colcon_meta'
[1.204s] Level 1:colcon.colcon_core.package_identification:_identify(.) by extensions ['ros']
[1.204s] Level 1:colcon.colcon_core.package_identification:_identify(.) by extension 'ros'
[1.342s] DEBUG:colcon.colcon_core.package_identification:Package '.' with type 'ros.ament_cmake' and name 'ros2sysmon'
[1.342s] Level 1:colcon.colcon_core.package_discovery:discover_packages(recursive) using defaults
[1.343s] Level 1:colcon.colcon_core.package_discovery:discover_packages(ignore) discover
[1.343s] Level 1:colcon.colcon_core.package_discovery:discover_packages(ignore) using defaults
[1.343s] Level 1:colcon.colcon_core.package_discovery:discover_packages(path) discover
[1.343s] Level 1:colcon.colcon_core.package_discovery:discover_packages(path) using defaults
[1.344s] WARNING:colcon.colcon_core.package_selection:ignoring unknown package 'linorobot2' in --packages-select
[1.464s] INFO:colcon.colcon_core.package_selection:Skipping not selected package 'ros2sysmon' in '.'
[1.466s] Level 1:colcon.colcon_core.package_discovery:discover_packages(prefix_path) check parameters
[1.467s] Level 1:colcon.colcon_core.package_discovery:discover_packages(prefix_path) discover
[1.493s] DEBUG:colcon.colcon_installed_package_information.package_discovery:Found 22 installed packages in /home/pitosalas/linorobot2_ws/install
[1.497s] DEBUG:colcon.colcon_installed_package_information.package_discovery:Found 2 installed packages in /home/pitosalas/uros_ws/install
[1.512s] DEBUG:colcon.colcon_installed_package_information.package_discovery:Found 400 installed packages in /opt/ros/jazzy
[1.517s] Level 1:colcon.colcon_core.package_discovery:discover_packages(prefix_path) using defaults
[1.909s] INFO:colcon.colcon_core.executor:Executing jobs using 'parallel' executor
[1.913s] DEBUG:colcon.colcon_parallel_executor.executor.parallel:run_until_complete
[1.915s] DEBUG:colcon.colcon_parallel_executor.executor.parallel:closing loop
[1.915s] DEBUG:colcon.colcon_parallel_executor.executor.parallel:loop closed
[1.915s] DEBUG:colcon.colcon_parallel_executor.executor.parallel:run_until_complete finished with '0'
[1.916s] DEBUG:colcon.colcon_core.event_reactor:joining thread
[1.958s] INFO:colcon.colcon_core.plugin_system:Skipping extension 'colcon_notification.desktop_notification.terminal_notifier': Not used on non-Darwin systems
[1.959s] INFO:colcon.colcon_core.plugin_system:Skipping extension 'colcon_notification.desktop_notification.win32': Not used on non-Windows systems
[1.959s] INFO:colcon.colcon_notification.desktop_notification:Sending desktop notification using 'notify2'
[1.963s] DEBUG:colcon.colcon_notification.desktop_notification.notify2:Failed to initialize notify2: org.freedesktop.DBus.Error.ServiceUnknown: The name org.freedesktop.Notifications was not provided by any .service files
[1.964s] DEBUG:colcon.colcon_core.event_reactor:joined thread
[1.976s] INFO:colcon.colcon_core.plugin_system:Skipping extension 'colcon_core.shell.bat': Not used on non-Windows systems
[1.977s] INFO:colcon.colcon_core.shell:Creating prefix script '/home/pitosalas/linorobot2_ws/src/ros2sysmon/install/local_setup.ps1'
[1.983s] INFO:colcon.colcon_core.shell:Creating prefix util module '/home/pitosalas/linorobot2_ws/src/ros2sysmon/install/_local_setup_util_ps1.py'
[1.989s] INFO:colcon.colcon_core.shell:Creating prefix chain script '/home/pitosalas/linorobot2_ws/src/ros2sysmon/install/setup.ps1'
[2.003s] INFO:colcon.colcon_core.shell:Creating prefix script '/home/pitosalas/linorobot2_ws/src/ros2sysmon/install/local_setup.sh'
[2.006s] INFO:colcon.colcon_core.shell:Creating prefix util module '/home/pitosalas/linorobot2_ws/src/ros2sysmon/install/_local_setup_util_sh.py'
[2.009s] INFO:colcon.colcon_core.shell:Creating prefix chain script '/home/pitosalas/linorobot2_ws/src/ros2sysmon/install/setup.sh'
[2.024s] INFO:colcon.colcon_core.shell:Creating prefix script '/home/pitosalas/linorobot2_ws/src/ros2sysmon/install/local_setup.bash'
[2.026s] INFO:colcon.colcon_core.shell:Creating prefix chain script '/home/pitosalas/linorobot2_ws/src/ros2sysmon/install/setup.bash'
[2.039s] INFO:colcon.colcon_core.shell:Creating prefix script '/home/pitosalas/linorobot2_ws/src/ros2sysmon/install/local_setup.zsh'
[2.041s] INFO:colcon.colcon_core.shell:Creating prefix chain script '/home/pitosalas/linorobot2_ws/src/ros2sysmon/install/setup.zsh'
